TN:
SF:config.js
FN:7,(anonymous_0)
FN:8,(anonymous_1)
FN:10,(anonymous_2)
FN:11,(anonymous_3)
FN:12,(anonymous_4)
FN:13,(anonymous_5)
FN:14,(anonymous_6)
FN:15,(anonymous_7)
FN:16,(anonymous_8)
FN:17,(anonymous_9)
FN:18,(anonymous_10)
FN:19,(anonymous_11)
FN:22,(anonymous_12)
FN:23,(anonymous_13)
FN:24,(anonymous_14)
FN:25,(anonymous_15)
FN:26,(anonymous_16)
FN:27,(anonymous_17)
FN:28,(anonymous_18)
FN:40,(anonymous_19)
FN:44,(anonymous_20)
FN:81,(anonymous_21)
FNF:22
FNH:21
FNDA:8,(anonymous_0)
FNDA:8,(anonymous_1)
FNDA:8,(anonymous_2)
FNDA:8,(anonymous_3)
FNDA:8,(anonymous_4)
FNDA:8,(anonymous_5)
FNDA:8,(anonymous_6)
FNDA:8,(anonymous_7)
FNDA:8,(anonymous_8)
FNDA:8,(anonymous_9)
FNDA:8,(anonymous_10)
FNDA:8,(anonymous_11)
FNDA:8,(anonymous_12)
FNDA:8,(anonymous_13)
FNDA:8,(anonymous_14)
FNDA:8,(anonymous_15)
FNDA:8,(anonymous_16)
FNDA:8,(anonymous_17)
FNDA:8,(anonymous_18)
FNDA:0,(anonymous_19)
FNDA:8,(anonymous_20)
FNDA:28,(anonymous_21)
DA:1,8
DA:2,8
DA:3,8
DA:5,8
DA:7,8
DA:8,8
DA:10,8
DA:11,8
DA:12,8
DA:13,8
DA:14,8
DA:15,8
DA:16,8
DA:17,8
DA:18,8
DA:19,8
DA:22,8
DA:23,8
DA:24,8
DA:25,8
DA:26,8
DA:27,8
DA:28,8
DA:40,0
DA:44,8
DA:48,8
DA:49,8
DA:52,1
DA:53,1
DA:56,7
DA:81,28
DA:102,7
LF:32
LH:31
BRDA:6,0,0,8
BRDA:6,0,1,5
BRDA:20,1,0,8
BRDA:20,1,1,7
BRDA:52,2,0,1
BRDA:52,2,1,0
BRDA:52,2,2,0
BRDA:81,3,0,7
BRDA:81,3,1,0
BRDA:89,4,0,7
BRDA:89,4,1,0
BRDA:92,5,0,7
BRDA:92,5,1,7
BRDA:93,6,0,7
BRDA:93,6,1,0
BRDA:96,7,0,7
BRDA:96,7,1,7
BRDA:97,8,0,7
BRDA:97,8,1,7
BRF:19
BRH:14
end_of_record
TN:
SF:logger.js
FN:26,withContext
FNF:1
FNH:0
FNDA:0,withContext
DA:1,3
DA:2,3
DA:4,3
DA:9,3
DA:18,3
DA:27,0
DA:30,3
LF:7
LH:6
BRDA:9,0,0,0
BRDA:9,0,1,3
BRDA:9,1,0,3
BRDA:9,1,1,0
BRDA:22,2,0,3
BRDA:22,2,1,3
BRDA:24,3,0,0
BRDA:24,3,1,3
BRDA:26,4,0,0
BRF:9
BRH:5
end_of_record
TN:
SF:metrics.js
FN:72,setActiveConnections
FN:73,setLocalRooms
FN:74,setRedisUp
FN:75,setCircuitBreakerOpen
FN:76,incMessagesForwarded
FN:77,incSchemaRejects
FN:78,incRateLimitDrops
FN:79,incBackpressureCloses
FN:80,observeRedisLatency
FN:81,observeFanoutLatency
FN:82,startRedisTimer
FN:83,startFanoutTimer
FN:85,metricsHandler
FN:110,(anonymous_13)
FNF:14
FNH:9
FNDA:1,setActiveConnections
FNDA:1,setLocalRooms
FNDA:0,setRedisUp
FNDA:0,setCircuitBreakerOpen
FNDA:1,incMessagesForwarded
FNDA:1,incSchemaRejects
FNDA:1,incRateLimitDrops
FNDA:1,incBackpressureCloses
FNDA:0,observeRedisLatency
FNDA:0,observeFanoutLatency
FNDA:1,startRedisTimer
FNDA:1,startFanoutTimer
FNDA:0,metricsHandler
FNDA:1,(anonymous_13)
DA:1,1
DA:4,1
DA:5,1
DA:6,1
DA:7,1
DA:8,1
DA:12,1
DA:16,1
DA:20,1
DA:24,1
DA:30,1
DA:34,1
DA:38,1
DA:42,1
DA:48,1
DA:53,1
DA:61,1
DA:62,1
DA:63,1
DA:64,1
DA:65,1
DA:66,1
DA:67,1
DA:68,1
DA:69,1
DA:70,1
DA:72,1
DA:73,1
DA:74,0
DA:75,0
DA:76,1
DA:77,1
DA:78,1
DA:79,1
DA:80,0
DA:81,0
DA:82,1
DA:83,1
DA:86,0
DA:87,0
DA:88,0
DA:90,0
DA:91,0
DA:95,1
DA:110,1
LF:45
LH:36
BRDA:8,0,0,0
BRDA:8,0,1,1
BRDA:74,1,0,0
BRDA:74,1,1,0
BRDA:75,2,0,0
BRDA:75,2,1,0
BRDA:76,3,0,1
BRDA:77,4,0,1
BRDA:78,5,0,1
BRDA:79,6,0,1
BRDA:110,7,0,0
BRDA:110,7,1,1
BRF:12
BRH:6
end_of_record
TN:
SF:rateLimiter.js
FN:1,makeKey
FN:5,RateLimiter
FN:8,(anonymous_2)
FNF:3
FNH:3
FNDA:8,makeKey
FNDA:3,RateLimiter
FNDA:8,(anonymous_2)
DA:2,8
DA:6,3
DA:9,8
DA:10,8
DA:11,8
DA:12,7
DA:13,7
DA:16,1
DA:22,1
LF:9
LH:9
BRDA:12,0,0,3
BRDA:12,0,1,4
BRF:2
BRH:2
end_of_record
TN:
SF:validation.js
FN:34,validateSignalingMessage
FNF:1
FNH:1
FNDA:7,validateSignalingMessage
DA:1,1
DA:3,1
DA:8,1
DA:13,1
DA:20,1
DA:27,1
DA:35,7
DA:36,7
DA:37,3
DA:39,4
DA:42,1
LF:11
LH:11
BRDA:36,0,0,3
BRDA:36,0,1,4
BRF:2
BRH:2
end_of_record
