TN:
SF:config.js
FN:11,(anonymous_0)
FN:12,(anonymous_1)
FN:20,(anonymous_2)
FN:21,(anonymous_3)
FN:22,(anonymous_4)
FN:24,(anonymous_5)
FN:28,(anonymous_6)
FN:38,(anonymous_7)
FN:47,(anonymous_8)
FN:50,(anonymous_9)
FN:52,(anonymous_10)
FN:53,(anonymous_11)
FN:59,(anonymous_12)
FN:62,(anonymous_13)
FN:65,(anonymous_14)
FN:68,(anonymous_15)
FN:71,(anonymous_16)
FN:73,(anonymous_17)
FN:74,(anonymous_18)
FN:87,(anonymous_19)
FN:99,(anonymous_20)
FN:107,(anonymous_21)
FN:120,parseHostCredentials
FN:145,(anonymous_23)
FN:158,(anonymous_24)
FN:185,(anonymous_25)
FN:223,(anonymous_26)
FN:231,(anonymous_27)
FNF:28
FNH:27
FNDA:16,(anonymous_0)
FNDA:16,(anonymous_1)
FNDA:16,(anonymous_2)
FNDA:16,(anonymous_3)
FNDA:16,(anonymous_4)
FNDA:16,(anonymous_5)
FNDA:16,(anonymous_6)
FNDA:16,(anonymous_7)
FNDA:16,(anonymous_8)
FNDA:16,(anonymous_9)
FNDA:16,(anonymous_10)
FNDA:16,(anonymous_11)
FNDA:16,(anonymous_12)
FNDA:16,(anonymous_13)
FNDA:16,(anonymous_14)
FNDA:16,(anonymous_15)
FNDA:16,(anonymous_16)
FNDA:16,(anonymous_17)
FNDA:16,(anonymous_18)
FNDA:16,(anonymous_19)
FNDA:0,(anonymous_20)
FNDA:16,(anonymous_21)
FNDA:15,parseHostCredentials
FNDA:2,(anonymous_23)
FNDA:16,(anonymous_24)
FNDA:18,(anonymous_25)
FNDA:2,(anonymous_26)
FNDA:1,(anonymous_27)
DA:1,16
DA:2,16
DA:3,16
DA:4,16
DA:5,16
DA:6,0
DA:9,16
DA:11,16
DA:12,16
DA:20,16
DA:21,16
DA:22,16
DA:24,16
DA:28,16
DA:38,16
DA:47,16
DA:50,16
DA:52,16
DA:53,16
DA:59,16
DA:62,16
DA:65,16
DA:68,16
DA:71,16
DA:73,16
DA:74,16
DA:87,16
DA:99,0
DA:107,16
DA:112,16
DA:113,16
DA:116,1
DA:117,1
DA:121,15
DA:123,3
DA:124,3
DA:126,0
DA:128,3
DA:129,0
DA:131,3
DA:132,3
DA:133,3
DA:140,1
DA:145,2
DA:148,15
DA:150,15
DA:158,16
DA:185,18
DA:212,14
DA:213,2
DA:214,2
DA:215,2
DA:216,2
DA:217,1
DA:218,2
DA:219,0
DA:220,2
DA:221,2
DA:223,2
DA:226,1
DA:227,2
DA:228,1
DA:229,2
DA:230,1
DA:231,2
DA:232,0
DA:233,2
DA:234,2
DA:235,2
DA:236,0
DA:237,2
DA:238,1
DA:239,2
DA:243,0
DA:245,2
DA:246,0
DA:247,0
DA:248,0
DA:250,2
DA:255,0
DA:257,2
DA:258,1
DA:261,13
DA:265,1
DA:268,12
LF:85
LH:73
BRDA:5,0,0,0
BRDA:5,0,1,16
BRDA:5,1,0,16
BRDA:5,1,1,2
BRDA:10,2,0,16
BRDA:10,2,1,0
BRDA:56,3,0,16
BRDA:56,3,1,15
BRDA:116,4,0,1
BRDA:116,4,1,0
BRDA:116,4,2,0
BRDA:121,5,0,12
BRDA:121,5,1,3
BRDA:128,6,0,0
BRDA:128,6,1,3
BRDA:128,7,0,3
BRDA:128,7,1,3
BRDA:128,7,2,3
BRDA:133,8,0,1
BRDA:133,8,1,2
BRDA:134,9,0,3
BRDA:134,9,1,2
BRDA:134,9,2,2
BRDA:134,9,3,2
BRDA:134,9,4,2
BRDA:156,10,0,15
BRDA:156,10,1,13
BRDA:183,11,0,15
BRDA:183,11,1,0
BRDA:187,12,0,15
BRDA:187,12,1,0
BRDA:199,13,0,14
BRDA:199,13,1,14
BRDA:202,14,0,14
BRDA:202,14,1,14
BRDA:203,15,0,14
BRDA:203,15,1,14
BRDA:206,16,0,14
BRDA:206,16,1,13
BRDA:207,17,0,14
BRDA:207,17,1,13
BRDA:212,18,0,2
BRDA:212,18,1,12
BRDA:215,19,0,1
BRDA:215,19,1,1
BRDA:216,20,0,1
BRDA:216,20,1,1
BRDA:218,21,0,0
BRDA:218,21,1,2
BRDA:218,22,0,2
BRDA:218,22,1,2
BRDA:220,23,0,0
BRDA:220,23,1,2
BRDA:221,24,0,1
BRDA:221,24,1,1
BRDA:223,25,0,2
BRDA:223,25,1,2
BRDA:227,26,0,1
BRDA:227,26,1,1
BRDA:227,27,0,2
BRDA:227,27,1,1
BRDA:229,28,0,1
BRDA:229,28,1,1
BRDA:231,29,0,0
BRDA:231,29,1,2
BRDA:233,30,0,1
BRDA:233,30,1,1
BRDA:234,31,0,1
BRDA:234,31,1,1
BRDA:234,32,0,2
BRDA:234,32,1,1
BRDA:235,33,0,0
BRDA:235,33,1,2
BRDA:235,34,0,2
BRDA:235,34,1,2
BRDA:237,35,0,1
BRDA:237,35,1,1
BRDA:237,36,0,2
BRDA:237,36,1,1
BRDA:239,37,0,0
BRDA:239,37,1,2
BRDA:240,38,0,2
BRDA:240,38,1,0
BRDA:240,38,2,0
BRDA:240,38,3,0
BRDA:240,38,4,0
BRDA:245,39,0,0
BRDA:245,39,1,2
BRDA:245,40,0,2
BRDA:245,40,1,0
BRDA:247,41,0,0
BRDA:247,41,1,0
BRDA:247,42,0,0
BRDA:247,42,1,0
BRDA:247,42,2,0
BRDA:247,42,3,0
BRDA:250,43,0,0
BRDA:250,43,1,2
BRDA:251,44,0,2
BRDA:251,44,1,0
BRDA:251,44,2,0
BRDA:251,44,3,0
BRDA:251,44,4,0
BRDA:257,45,0,1
BRDA:257,45,1,1
BRDA:261,46,0,1
BRDA:261,46,1,12
BRDA:262,47,0,13
BRDA:262,47,1,13
BRDA:262,47,2,12
BRF:110
BRH:81
end_of_record
TN:
SF:health.js
FN:7,startHealthServer
FN:9,(anonymous_1)
FN:48,(anonymous_2)
FNF:3
FNH:3
FNDA:5,startHealthServer
FNDA:9,(anonymous_1)
FNDA:5,(anonymous_2)
DA:1,3
DA:2,3
DA:3,3
DA:4,3
DA:5,3
DA:8,5
DA:9,5
DA:10,9
DA:11,9
DA:12,9
DA:13,1
DA:14,1
DA:15,1
DA:17,8
DA:18,3
DA:19,3
DA:20,3
DA:21,1
DA:22,1
DA:24,2
DA:25,2
DA:28,0
DA:29,0
DA:31,3
DA:33,5
DA:34,4
DA:35,1
DA:36,1
DA:37,1
DA:39,3
DA:41,1
DA:42,1
DA:45,5
DA:46,5
DA:47,5
DA:48,5
DA:49,5
DA:52,5
DA:55,3
LF:39
LH:37
BRDA:12,0,0,1
BRDA:12,0,1,8
BRDA:17,1,0,3
BRDA:17,1,1,5
BRDA:19,2,0,3
BRDA:19,2,1,0
BRDA:20,3,0,1
BRDA:20,3,1,2
BRDA:33,4,0,4
BRDA:33,4,1,1
BRDA:34,5,0,1
BRDA:34,5,1,3
BRDA:34,6,0,4
BRDA:34,6,1,4
BRF:14
BRH:13
end_of_record
TN:
SF:logger.js
FN:53,withContext
FNF:1
FNH:0
FNDA:0,withContext
DA:1,6
DA:2,6
DA:4,6
DA:31,6
DA:42,6
DA:54,0
DA:57,6
LF:7
LH:6
BRDA:31,0,0,0
BRDA:31,0,1,6
BRDA:31,1,0,6
BRDA:31,1,1,0
BRDA:47,2,0,6
BRDA:47,2,1,6
BRDA:50,3,0,0
BRDA:50,3,1,6
BRDA:53,4,0,0
BRF:9
BRH:5
end_of_record
TN:
SF:metrics.js
FN:72,setActiveConnections
FN:75,setLocalRooms
FN:78,setRedisUp
FN:81,setCircuitBreakerOpen
FN:84,incMessagesForwarded
FN:87,incSchemaRejects
FN:90,incRateLimitDrops
FN:93,incBackpressureCloses
FN:96,observeRedisLatency
FN:99,observeFanoutLatency
FN:102,startRedisTimer
FN:105,startFanoutTimer
FN:109,metricsHandler
FN:134,(anonymous_13)
FNF:14
FNH:10
FNDA:2,setActiveConnections
FNDA:2,setLocalRooms
FNDA:0,setRedisUp
FNDA:0,setCircuitBreakerOpen
FNDA:2,incMessagesForwarded
FNDA:1,incSchemaRejects
FNDA:1,incRateLimitDrops
FNDA:1,incBackpressureCloses
FNDA:0,observeRedisLatency
FNDA:0,observeFanoutLatency
FNDA:1,startRedisTimer
FNDA:1,startFanoutTimer
FNDA:3,metricsHandler
FNDA:2,(anonymous_13)
DA:1,4
DA:4,4
DA:5,4
DA:6,4
DA:7,4
DA:8,4
DA:12,4
DA:16,4
DA:20,4
DA:24,4
DA:30,4
DA:34,4
DA:38,4
DA:42,4
DA:48,4
DA:53,4
DA:61,4
DA:62,4
DA:63,4
DA:64,4
DA:65,4
DA:66,4
DA:67,4
DA:68,4
DA:69,4
DA:70,4
DA:73,2
DA:76,2
DA:79,0
DA:82,0
DA:85,2
DA:88,1
DA:91,1
DA:94,1
DA:97,0
DA:100,0
DA:103,1
DA:106,1
DA:110,3
DA:111,3
DA:112,3
DA:114,0
DA:115,0
DA:119,4
DA:135,2
DA:136,2
LF:46
LH:40
BRDA:8,0,0,0
BRDA:8,0,1,4
BRDA:79,1,0,0
BRDA:79,1,1,0
BRDA:82,2,0,0
BRDA:82,2,1,0
BRDA:84,3,0,2
BRDA:87,4,0,1
BRDA:90,5,0,1
BRDA:93,6,0,1
BRDA:136,7,0,0
BRDA:136,7,1,2
BRF:12
BRH:6
end_of_record
TN:
SF:rateLimiter.js
FN:3,makeKey
FN:18,RateLimiter
FN:22,allowFallback
FN:43,(anonymous_3)
FNF:4
FNH:4
FNDA:10,makeKey
FNDA:4,RateLimiter
FNDA:2,allowFallback
FNDA:10,(anonymous_3)
DA:1,1
DA:5,10
DA:8,10
DA:9,10
DA:12,1
DA:19,4
DA:20,4
DA:23,2
DA:24,2
DA:25,1
DA:26,0
DA:28,1
DA:30,2
DA:31,2
DA:33,2
DA:36,2
DA:37,2
DA:38,2
DA:41,4
DA:44,10
DA:45,10
DA:46,10
DA:49,7
DA:51,3
DA:54,2
DA:60,1
LF:26
LH:25
BRDA:5,0,0,10
BRDA:5,0,1,0
BRDA:18,1,0,3
BRDA:18,2,0,3
BRDA:24,3,0,1
BRDA:24,3,1,1
BRDA:26,4,0,0
BRDA:26,4,1,0
BRDA:31,5,0,0
BRDA:31,5,1,2
BRDA:31,6,0,2
BRDA:31,6,1,1
BRDA:33,7,0,1
BRDA:33,7,1,1
BRDA:33,8,0,2
BRDA:33,8,1,1
BRDA:51,9,0,1
BRDA:51,9,1,2
BRF:18
BRH:14
end_of_record
TN:
SF:security.js
FN:4,secureEqual
FN:11,normalizedIp
FN:16,isTrustedProxy
FN:25,requestIsSecure
FN:33,canonicalOrigin
FN:51,originAllowed
FN:54,(anonymous_6)
FN:57,bearerToken
FN:64,hostCredentialValid
FN:75,extractProtocolCredential
FN:79,(anonymous_10)
FN:80,(anonymous_11)
FN:84,sha256
FNF:13
FNH:12
FNDA:6,secureEqual
FNDA:3,normalizedIp
FNDA:2,isTrustedProxy
FNDA:3,requestIsSecure
FNDA:14,canonicalOrigin
FNDA:5,originAllowed
FNDA:7,(anonymous_6)
FNDA:6,bearerToken
FNDA:2,hostCredentialValid
FNDA:2,extractProtocolCredential
FNDA:5,(anonymous_10)
FNDA:5,(anonymous_11)
FNDA:0,sha256
DA:1,18
DA:2,18
DA:5,6
DA:6,5
DA:7,5
DA:8,5
DA:12,3
DA:13,3
DA:17,2
DA:18,2
DA:19,1
DA:20,1
DA:22,0
DA:26,3
DA:27,2
DA:28,2
DA:29,1
DA:30,1
DA:34,14
DA:35,14
DA:36,13
DA:44,0
DA:45,13
DA:47,1
DA:52,5
DA:53,5
DA:54,7
DA:58,6
DA:59,6
DA:60,5
DA:61,5
DA:65,2
DA:66,2
DA:67,2
DA:69,0
DA:70,0
DA:76,2
DA:77,2
DA:79,5
DA:80,5
DA:81,2
DA:85,0
DA:88,18
LF:43
LH:38
BRDA:5,0,0,1
BRDA:5,0,1,5
BRDA:5,1,0,6
BRDA:5,1,1,6
BRDA:8,2,0,5
BRDA:8,2,1,4
BRDA:12,3,0,0
BRDA:12,3,1,3
BRDA:13,4,0,1
BRDA:13,4,1,2
BRDA:18,5,0,1
BRDA:18,5,1,1
BRDA:18,6,0,2
BRDA:18,6,1,2
BRDA:18,6,2,2
BRDA:20,7,0,1
BRDA:20,7,1,0
BRDA:26,8,0,1
BRDA:26,8,1,2
BRDA:26,9,0,3
BRDA:26,9,1,3
BRDA:27,10,0,2
BRDA:27,10,1,2
BRDA:28,11,0,1
BRDA:28,11,1,1
BRDA:29,12,0,1
BRDA:29,12,1,1
BRDA:30,13,0,1
BRDA:30,13,1,1
BRDA:36,14,0,0
BRDA:36,14,1,13
BRDA:37,15,0,13
BRDA:37,15,1,13
BRDA:37,15,2,13
BRDA:37,15,3,13
BRDA:37,15,4,13
BRDA:37,15,5,13
BRDA:53,16,0,1
BRDA:53,16,1,4
BRDA:58,17,0,6
BRDA:58,17,1,6
BRDA:59,18,0,1
BRDA:59,18,1,5
BRDA:61,19,0,4
BRDA:61,19,1,1
BRDA:65,20,0,0
BRDA:65,20,1,2
BRDA:65,21,0,2
BRDA:65,21,1,2
BRDA:66,22,0,2
BRDA:66,22,1,0
BRDA:66,23,0,2
BRDA:66,23,1,2
BRDA:69,24,0,0
BRDA:69,24,1,0
BRDA:71,25,0,0
BRDA:71,25,1,0
BRDA:76,26,0,0
BRDA:76,26,1,2
BRDA:81,27,0,1
BRDA:81,27,1,1
BRF:61
BRH:51
end_of_record
TN:
SF:sessionTokens.js
FN:4,encode
FN:8,signPairingToken
FN:34,verifyPairingToken
FNF:3
FNH:3
FNDA:5,encode
FNDA:7,signPairingToken
FNDA:7,verifyPairingToken
DA:1,1
DA:2,1
DA:5,5
DA:9,7
DA:10,1
DA:11,6
DA:17,1
DA:19,5
DA:30,5
DA:31,5
DA:35,7
DA:36,7
DA:37,7
DA:38,7
DA:40,7
DA:41,7
DA:43,0
DA:45,7
DA:46,5
DA:47,5
DA:48,5
DA:60,2
DA:61,3
DA:63,0
DA:67,1
LF:25
LH:23
BRDA:9,0,0,1
BRDA:9,0,1,6
BRDA:9,1,0,7
BRDA:9,1,1,7
BRDA:9,1,2,7
BRDA:11,2,0,1
BRDA:11,2,1,5
BRDA:12,3,0,6
BRDA:12,3,1,5
BRDA:12,3,2,5
BRDA:12,3,3,5
BRDA:34,4,0,0
BRDA:35,5,0,0
BRDA:35,5,1,7
BRDA:35,6,0,7
BRDA:35,6,1,7
BRDA:35,6,2,7
BRDA:37,7,0,0
BRDA:37,7,1,7
BRDA:45,8,0,2
BRDA:45,8,1,5
BRDA:45,9,0,7
BRDA:45,9,1,6
BRDA:48,10,0,2
BRDA:48,10,1,3
BRDA:49,11,0,5
BRDA:49,11,1,5
BRDA:49,11,2,5
BRDA:49,11,3,5
BRDA:49,11,4,5
BRDA:49,11,5,5
BRDA:49,11,6,5
BRDA:49,11,7,5
BRDA:49,11,8,5
BRDA:49,11,9,4
BRF:35
BRH:32
end_of_record
TN:
SF:validation.js
FN:94,validateSignalingMessage
FN:96,(anonymous_1)
FN:99,(anonymous_2)
FN:104,(anonymous_3)
FN:117,validateRedisEnvelope
FNF:5
FNH:4
FNDA:11,validateSignalingMessage
FNDA:68,(anonymous_1)
FNDA:0,(anonymous_2)
FNDA:57,(anonymous_3)
FNDA:3,validateRedisEnvelope
DA:1,1
DA:3,1
DA:4,1
DA:14,1
DA:24,1
DA:33,1
DA:50,1
DA:69,1
DA:76,1
DA:79,1
DA:95,11
DA:96,11
DA:97,68
DA:98,67
DA:99,0
DA:100,67
DA:101,22
DA:102,22
DA:104,57
DA:107,45
DA:109,11
DA:110,1
DA:111,10
DA:112,10
DA:118,3
DA:119,3
DA:124,1
LF:27
LH:26
BRDA:96,0,0,11
BRDA:97,1,0,1
BRDA:97,1,1,67
BRDA:97,2,0,68
BRDA:97,2,1,68
BRDA:98,3,0,0
BRDA:98,3,1,67
BRDA:99,4,0,0
BRDA:99,4,1,0
BRDA:100,5,0,22
BRDA:100,5,1,45
BRDA:100,6,0,67
BRDA:100,6,1,65
BRDA:103,7,0,22
BRDA:103,7,1,22
BRDA:104,8,0,57
BRDA:104,8,1,57
BRDA:107,9,0,45
BRDA:107,9,1,20
BRDA:109,10,0,1
BRDA:109,10,1,10
BRDA:112,11,0,5
BRDA:112,11,1,5
BRDA:119,12,0,1
BRDA:119,12,1,2
BRF:25
BRH:22
end_of_record
